\BOOKMARK [0][-]{Doc-Start}{\376\377\000A\000b\000s\000t\000r\000a\000c\000t}{}% 1
\BOOKMARK [0][-]{Doc-Start}{\376\377\000A\000c\000k\000n\000o\000w\000l\000e\000d\000g\000m\000e\000n\000t\000s}{}% 2
\BOOKMARK [0][-]{chapter*.2}{\376\377\000L\000i\000s\000t\000\040\000o\000f\000\040\000F\000i\000g\000u\000r\000e\000s}{}% 3
\BOOKMARK [0][-]{chapter.1}{\376\377\000I\000n\000t\000r\000o\000d\000u\000c\000t\000i\000o\000n}{}% 4
\BOOKMARK [1][-]{section.1.1}{\376\377\000O\000b\000j\000e\000c\000t\000i\000v\000e}{chapter.1}% 5
\BOOKMARK [1][-]{section.1.2}{\376\377\000D\000a\000t\000a\000s\000e\000t\000s}{chapter.1}% 6
\BOOKMARK [0][-]{chapter.2}{\376\377\000M\000e\000t\000h\000o\000d\000s}{}% 7
\BOOKMARK [1][-]{section.2.1}{\376\377\000S\000l\000e\000e\000p\000/\000W\000a\000k\000e\000\040\000P\000r\000e\000d\000i\000c\000t\000i\000o\000n}{chapter.2}% 8
\BOOKMARK [1][-]{section.2.2}{\376\377\000S\000l\000e\000e\000p\000\040\000S\000t\000a\000g\000e\000\040\000P\000r\000e\000d\000i\000c\000t\000i\000o\000n}{chapter.2}% 9
\BOOKMARK [1][-]{section.2.3}{\376\377\000D\000i\000s\000o\000r\000d\000e\000r\000\040\000P\000r\000e\000d\000i\000c\000t\000i\000o\000n}{chapter.2}% 10
\BOOKMARK [0][-]{chapter.3}{\376\377\000R\000e\000s\000u\000l\000t\000s}{}% 11
\BOOKMARK [1][-]{section.3.1}{\376\377\000S\000l\000e\000e\000p\000/\000W\000a\000k\000e\000\040\000R\000e\000s\000u\000l\000t\000s}{chapter.3}% 12
\BOOKMARK [2][-]{subsection.3.1.1}{\376\377\000X\000G\000B\000o\000o\000s\000t}{section.3.1}% 13
\BOOKMARK [2][-]{subsection.3.1.2}{\376\377\000S\000V\000M}{section.3.1}% 14
\BOOKMARK [2][-]{subsection.3.1.3}{\376\377\000L\000S\000T\000M}{section.3.1}% 15
\BOOKMARK [2][-]{subsection.3.1.4}{\376\377\000T\000r\000a\000n\000s\000f\000o\000r\000m\000e\000r}{section.3.1}% 16
\BOOKMARK [1][-]{section.3.2}{\376\377\000S\000l\000e\000e\000p\000\040\000S\000t\000a\000g\000e\000\040\000R\000e\000s\000u\000l\000t\000s}{chapter.3}% 17
\BOOKMARK [2][-]{subsection.3.2.1}{\376\377\000X\000G\000B\000o\000o\000s\000t}{section.3.2}% 18
\BOOKMARK [2][-]{subsection.3.2.2}{\376\377\000S\000V\000M}{section.3.2}% 19
\BOOKMARK [2][-]{subsection.3.2.3}{\376\377\000L\000S\000T\000M}{section.3.2}% 20
\BOOKMARK [2][-]{subsection.3.2.4}{\376\377\000T\000r\000a\000n\000s\000f\000o\000r\000m\000e\000r}{section.3.2}% 21
\BOOKMARK [0][-]{chapter.4}{\376\377\000C\000o\000n\000c\000l\000u\000s\000i\000o\000n}{}% 22
\BOOKMARK [1][-]{section.4.1}{\376\377\000D\000i\000s\000c\000u\000s\000s\000i\000o\000n}{chapter.4}% 23
\BOOKMARK [1][-]{section.4.2}{\376\377\000C\000o\000n\000c\000l\000u\000s\000i\000o\000n}{chapter.4}% 24
\BOOKMARK [0][-]{chapter*.3}{\376\377\000B\000i\000b\000l\000i\000o\000g\000r\000a\000p\000h\000y}{}% 25
\BOOKMARK [0][-]{appendix*.4}{\376\377\000A\000p\000p\000e\000n\000d\000i\000c\000e\000s}{}% 26
\BOOKMARK [0][-]{appendix.A}{\376\377\000S\000o\000u\000r\000c\000e\000\040\000C\000o\000d\000e}{}% 27
